18:14:23.160 [main] INFO  StepDefinitions.BeingAtHomeDefinition - Retrieving all the submenu items of Being at Home
09:25:30.536 [main] INFO  StepDefinitions.BookShelvesDefinition - Displaying The top Three BookShelves With names and prices
09:25:44.650 [main] INFO  StepDefinitions.StudyChairsDefinition - Displaying The Top Three Study Chairs
09:26:08.396 [main] INFO  StepDefinitions.BeingAtHomeDefinition - Retrieving all the submenu items of Being at Home
09:26:34.318 [main] INFO  StepDefinitions.CheckOutPageDefinition - Displaying Invalid Error Message
09:27:21.642 [main] INFO  StepDefinitions.ConnectWithUsDefinition - Displaying The list of social media Platforms
13:57:36.667 [main] INFO  StepDefinitions.BookShelvesDefinition - Displaying The top Three BookShelves With names and prices
13:58:16.557 [main] INFO  StepDefinitions.StudyChairsDefinition - Displaying The Top Three Study Chairs
13:58:56.036 [main] INFO  StepDefinitions.BeingAtHomeDefinition - Retrieving all the sub-menu items of Being at Home
13:59:18.714 [main] INFO  StepDefinitions.CheckOutPageDefinition - Displaying Invalid Error Message
13:59:38.052 [main] INFO  StepDefinitions.ConnectWithUsDefinition - Displaying The list of social media Platforms
14:02:13.433 [main] INFO  StepDefinitions.BookShelvesDefinition - Displaying The top Three BookShelves With names and prices
14:02:25.160 [main] INFO  StepDefinitions.StudyChairsDefinition - Displaying The Top Three Study Chairs
14:02:35.482 [main] INFO  StepDefinitions.BeingAtHomeDefinition - Retrieving all the sub-menu items of Being at Home
14:03:25.770 [main] INFO  StepDefinitions.CheckOutPageDefinition - Displaying Invalid Error Message
14:03:46.337 [main] INFO  StepDefinitions.ConnectWithUsDefinition - Displaying The list of social media Platforms
14:13:15.136 [main] INFO  StepDefinitions.BookShelvesDefinition - Displaying The top Three BookShelves With names and prices
14:13:25.776 [main] INFO  StepDefinitions.StudyChairsDefinition - Displaying The Top Three Study Chairs
14:13:36.401 [main] INFO  StepDefinitions.BeingAtHomeDefinition - Retrieving all the sub-menu items of Being at Home
14:14:12.403 [main] INFO  StepDefinitions.CheckOutPageDefinition - Displaying Invalid Error Message
14:14:44.079 [main] INFO  StepDefinitions.ConnectWithUsDefinition - Displaying The list of social media Platforms
15:22:41.472 [main] INFO  StepDefinitions.BookShelvesDefinition - Displaying The top Three BookShelves With names and prices
15:22:50.846 [main] INFO  StepDefinitions.StudyChairsDefinition - Displaying The Top Three Study Chairs
15:23:00.953 [main] INFO  StepDefinitions.BeingAtHomeDefinition - Retrieving all the sub-menu items of Being at Home
15:24:06.212 [main] INFO  StepDefinitions.ConnectWithUsDefinition - Displaying The list of social media Platforms
17:29:01.067 [main] INFO  StepDefinitions.BookShelvesDefinition - Displaying The top Three BookShelves With names and prices
17:29:40.080 [main] INFO  StepDefinitions.StudyChairsDefinition - Displaying The Top Three Study Chairs
17:29:50.575 [main] INFO  StepDefinitions.BeingAtHomeDefinition - Retrieving all the sub-menu items of Being at Home
17:30:18.760 [main] INFO  StepDefinitions.CheckOutPageDefinition - Displaying Invalid Error Message
17:30:46.411 [main] INFO  StepDefinitions.ConnectWithUsDefinition - Displaying The list of social media Platforms
17:31:27.796 [main] INFO  StepDefinitions.BookShelvesDefinition - Displaying The top Three BookShelves With names and prices
17:31:37.461 [main] INFO  StepDefinitions.StudyChairsDefinition - Displaying The Top Three Study Chairs
17:31:47.658 [main] INFO  StepDefinitions.BeingAtHomeDefinition - Retrieving all the sub-menu items of Being at Home
17:32:09.465 [main] INFO  StepDefinitions.CheckOutPageDefinition - Displaying Invalid Error Message
17:32:32.633 [main] INFO  StepDefinitions.ConnectWithUsDefinition - Displaying The list of social media Platforms
10:26:50.995 [main] INFO  StepDefinitions.BookShelvesDefinition - Displaying The top Three BookShelves With names and prices
10:27:00.879 [main] INFO  StepDefinitions.StudyChairsDefinition - Displaying The Top Three Study Chairs
10:27:11.448 [main] INFO  StepDefinitions.BeingAtHomeDefinition - Retrieving all the sub-menu items of Being at Home
10:27:35.342 [main] INFO  StepDefinitions.CheckOutPageDefinition - Displaying Invalid Error Message
10:28:28.133 [main] INFO  StepDefinitions.ConnectWithUsDefinition - Displaying The list of social media Platforms
11:46:31.196 [main] INFO  StepDefinitions.BookShelvesDefinition - Displaying The top Three BookShelves With names and prices
11:47:12.325 [main] INFO  StepDefinitions.StudyChairsDefinition - Displaying The Top Three Study Chairs
11:47:21.537 [main] INFO  StepDefinitions.BeingAtHomeDefinition - Retrieving all the sub-menu items of Being at Home
11:47:43.367 [main] INFO  StepDefinitions.CheckOutPageDefinition - Displaying Invalid Error Message
11:48:53.937 [main] INFO  StepDefinitions.ConnectWithUsDefinition - Displaying The list of social media Platforms
